[2026-03-04T13:10:24.217Z] {"timestamp":1772629822215,"level":"DEBUG","args":["[Manus] Debug collector initialized (no rrweb, UI events only)"],"stack":null}
[2026-03-04T13:10:24.217Z] {"timestamp":1772629822228,"level":"DEBUG","args":["[vite] connected."],"stack":null}
[2026-03-04T13:10:24.217Z] {"timestamp":1772629822287,"level":"INFO","args":["%cDownload the React DevTools for a better development experience: https://react.dev/link/react-devtools","font-weight:bold"],"stack":null}
[2026-03-04T13:12:18.148Z] {"timestamp":1772629934703,"level":"DEBUG","args":["[Manus] Debug collector initialized (no rrweb, UI events only)"],"stack":null}
[2026-03-04T13:12:18.149Z] {"timestamp":1772629934777,"level":"DEBUG","args":["[vite] connected."],"stack":null}
[2026-03-04T13:12:18.149Z] {"timestamp":1772629934802,"level":"INFO","args":["%cDownload the React DevTools for a better development experience: https://react.dev/link/react-devtools","font-weight:bold"],"stack":null}
[2026-03-04T13:28:29.207Z] {"timestamp":1772630907201,"level":"DEBUG","args":["[Manus] Debug collector initialized (no rrweb, UI events only)"],"stack":null}
[2026-03-04T13:28:29.208Z] {"timestamp":1772630907209,"level":"DEBUG","args":["[vite] connected."],"stack":null}
[2026-03-04T13:28:29.208Z] {"timestamp":1772630907230,"level":"INFO","args":["%cDownload the React DevTools for a better development experience: https://react.dev/link/react-devtools","font-weight:bold"],"stack":null}
[2026-03-04T13:29:18.876Z] {"timestamp":1772630956872,"level":"DEBUG","args":["[Manus] Debug collector initialized (no rrweb, UI events only)"],"stack":null}
[2026-03-04T13:29:18.876Z] {"timestamp":1772630956875,"level":"DEBUG","args":["[vite] connected."],"stack":null}
[2026-03-04T13:29:18.876Z] {"timestamp":1772630956893,"level":"INFO","args":["%cDownload the React DevTools for a better development experience: https://react.dev/link/react-devtools","font-weight:bold"],"stack":null}
[2026-03-04T13:30:16.876Z] {"timestamp":1772631016174,"level":"DEBUG","args":["[vite]","hot updated: /src/pages/AppDemo.tsx"],"stack":null}
[2026-03-04T13:30:16.876Z] {"timestamp":1772631016174,"level":"DEBUG","args":["[vite]","hot updated: /src/index.css"],"stack":null}
[2026-03-04T13:30:34.876Z] {"timestamp":1772631034467,"level":"DEBUG","args":["[vite]","hot updated: /src/pages/Settings.tsx"],"stack":null}
[2026-03-04T13:30:34.876Z] {"timestamp":1772631034467,"level":"DEBUG","args":["[vite]","hot updated: /src/index.css"],"stack":null}
[2026-03-04T13:31:01.786Z] {"timestamp":1772631059780,"level":"DEBUG","args":["[Manus] Debug collector initialized (no rrweb, UI events only)"],"stack":null}
[2026-03-04T13:31:01.786Z] {"timestamp":1772631059781,"level":"DEBUG","args":["[vite] connected."],"stack":null}
[2026-03-04T13:31:01.786Z] {"timestamp":1772631059802,"level":"INFO","args":["%cDownload the React DevTools for a better development experience: https://react.dev/link/react-devtools","font-weight:bold"],"stack":null}
[2026-03-04T13:31:10.205Z] {"timestamp":1772631068200,"level":"DEBUG","args":["[Manus] Debug collector initialized (no rrweb, UI events only)"],"stack":null}
[2026-03-04T13:31:10.205Z] {"timestamp":1772631068201,"level":"DEBUG","args":["[vite] connected."],"stack":null}
[2026-03-04T13:31:10.205Z] {"timestamp":1772631068221,"level":"INFO","args":["%cDownload the React DevTools for a better development experience: https://react.dev/link/react-devtools","font-weight:bold"],"stack":null}
[2026-03-04T13:33:02.898Z] {"timestamp":1772631180894,"level":"DEBUG","args":["[Manus] Debug collector initialized (no rrweb, UI events only)"],"stack":null}
[2026-03-04T13:33:02.898Z] {"timestamp":1772631180898,"level":"DEBUG","args":["[vite] connected."],"stack":null}
[2026-03-04T13:33:02.898Z] {"timestamp":1772631180918,"level":"INFO","args":["%cDownload the React DevTools for a better development experience: https://react.dev/link/react-devtools","font-weight:bold"],"stack":null}
[2026-03-04T14:00:11.739Z] {"timestamp":1772632809736,"level":"DEBUG","args":["[Manus] Debug collector initialized (no rrweb, UI events only)"],"stack":null}
[2026-03-04T14:00:11.739Z] {"timestamp":1772632809751,"level":"DEBUG","args":["[vite] connected."],"stack":null}
[2026-03-04T14:00:11.739Z] {"timestamp":1772632809797,"level":"INFO","args":["%cDownload the React DevTools for a better development experience: https://react.dev/link/react-devtools","font-weight:bold"],"stack":null}
[2026-03-04T15:57:47.311Z] {"timestamp":1772639865304,"level":"DEBUG","args":["[Manus] Debug collector initialized (no rrweb, UI events only)"],"stack":null}
[2026-03-04T15:57:47.311Z] {"timestamp":1772639865322,"level":"DEBUG","args":["[vite] connected."],"stack":null}
[2026-03-04T15:57:47.311Z] {"timestamp":1772639865362,"level":"INFO","args":["%cDownload the React DevTools for a better development experience: https://react.dev/link/react-devtools","font-weight:bold"],"stack":null}
[2026-03-04T16:02:19.027Z] {"timestamp":1772640137023,"level":"DEBUG","args":["[Manus] Debug collector initialized (no rrweb, UI events only)"],"stack":null}
[2026-03-04T16:02:19.027Z] {"timestamp":1772640137025,"level":"DEBUG","args":["[vite] connected."],"stack":null}
[2026-03-04T16:02:19.027Z] {"timestamp":1772640137052,"level":"INFO","args":["%cDownload the React DevTools for a better development experience: https://react.dev/link/react-devtools","font-weight:bold"],"stack":null}
